#
# There is insufficient memory for the Java Runtime Environment to continue.
# Native memory allocation (malloc) failed to allocate 485776 bytes for Chunk::new
# Possible reasons:
#   The system is out of physical RAM or swap space
#   The process is running with CompressedOops enabled, and the Java Heap may be blocking the growth of the native heap
# Possible solutions:
#   Reduce memory load on the system
#   Increase physical memory or swap space
#   Check if swap backing store is full
#   Decrease Java heap size (-Xmx/-Xms)
#   Decrease number of Java threads
#   Decrease Java thread stack sizes (-Xss)
#   Set larger code cache with -XX:ReservedCodeCacheSize=
#   JVM is running with Unscaled Compressed Oops mode in which the Java heap is
#     placed in the first 4GB address space. The Java Heap base address is the
#     maximum limit for the native heap growth. Please use -XX:HeapBaseMinAddress
#     to set the Java Heap base and to place the Java Heap above 4GB virtual address.
# This output file may be truncated or incomplete.
#
#  Out of Memory Error (./open/src/hotspot/share/memory/arena.cpp:195), pid=14808, tid=15404
#
# JRE version: OpenJDK Runtime Environment (15.0.2+7) (build 15.0.2+7-27)
# Java VM: OpenJDK 64-Bit Server VM (15.0.2+7-27, mixed mode, tiered, compressed oops, g1 gc, windows-amd64)
# No core dump will be written. Minidumps are not enabled by default on client versions of Windows
#

---------------  S U M M A R Y ------------

Command Line: -ea -Dfile.encoding=Cp1252 -XX:+ShowCodeDetailsInExceptionMessages org.testng.remote.RemoteTestNG -serport 56676 -protocol json -d D:\project\mis\test-output C:\Users\DILIPK~1\AppData\Local\Temp\testng-eclipse--1327836656\testng-customsuite.xml

Host: Intel(R) Core(TM) i7-5600U CPU @ 2.60GHz, 4 cores, 7G,  Windows 10 , 64 bit Build 19041 (10.0.19041.2788)
Time: Sat Apr 15 11:49:39 2023 India Standard Time elapsed time: 14.954726 seconds (0d 0h 0m 14s)

---------------  T H R E A D  ---------------

Current thread (0x000002b6ff943ca0):  JavaThread "C2 CompilerThread0" daemon [_thread_in_native, id=15404, stack(0x000000db90700000,0x000000db90800000)]


Current CompileTask:
C2:  14954 2905 % !   4       sun.net.www.ParseUtil::decode @ 70 (317 bytes)

Stack: [0x000000db90700000,0x000000db90800000]
Native frames: (J=compiled Java code, j=interpreted, Vv=VM code, C=native code)
V  [jvm.dll+0x62ae9a]
V  [jvm.dll+0x7817a9]
V  [jvm.dll+0x782f03]
V  [jvm.dll+0x783563]
V  [jvm.dll+0x216325]
V  [jvm.dll+0x97f3a]
V  [jvm.dll+0x9861c]
V  [jvm.dll+0x32e2a8]
V  [jvm.dll+0x2f768a]
V  [jvm.dll+0x2f6a4a]
V  [jvm.dll+0x1ea705]
V  [jvm.dll+0x1e996e]
V  [jvm.dll+0x178567]
V  [jvm.dll+0x1f9225]
V  [jvm.dll+0x1f72cc]
V  [jvm.dll+0x74495d]
V  [jvm.dll+0x73d75a]
V  [jvm.dll+0x629c56]
C  [ucrtbase.dll+0x21bb2]
C  [KERNEL32.DLL+0x17604]
C  [ntdll.dll+0x526a1]


---------------  P R O C E S S  ---------------

Threads class SMR info:
_java_thread_list=0x000002b688e2f1f0, length=33, elements={
0x000002b6e9e29f40, 0x000002b6ff8fac60, 0x000002b6ff91c060, 0x000002b6ff93b020,
0x000002b6ff93dda0, 0x000002b6ff93e760, 0x000002b6ff943ca0, 0x000002b6ff948260,
0x000002b6ff949440, 0x000002b6ffadcb30, 0x000002b6ffae1930, 0x000002b686b9eb90,
0x000002b688cbda70, 0x000002b688ca9eb0, 0x000002b687e1d3f0, 0x000002b687b94840,
0x000002b6876b3860, 0x000002b687b5a060, 0x000002b687cdf3d0, 0x000002b688e9a110,
0x000002b687e36410, 0x000002b687e37280, 0x000002b687e34c00, 0x000002b687e35f40,
0x000002b687e368e0, 0x000002b687e36db0, 0x000002b687e37750, 0x000002b687e37c20,
0x000002b687e380f0, 0x000002b687e385c0, 0x000002b687e350d0, 0x000002b687e35a70,
0x000002b688e95f90
}

Java Threads: ( => current thread )
  0x000002b6e9e29f40 JavaThread "main" [_thread_in_vm, id=14684, stack(0x000000db8fb00000,0x000000db8fc00000)]
  0x000002b6ff8fac60 JavaThread "Reference Handler" daemon [_thread_blocked, id=8224, stack(0x000000db90200000,0x000000db90300000)]
  0x000002b6ff91c060 JavaThread "Finalizer" daemon [_thread_blocked, id=14756, stack(0x000000db90300000,0x000000db90400000)]
  0x000002b6ff93b020 JavaThread "Signal Dispatcher" daemon [_thread_blocked, id=19816, stack(0x000000db90400000,0x000000db90500000)]
  0x000002b6ff93dda0 JavaThread "Attach Listener" daemon [_thread_blocked, id=17312, stack(0x000000db90500000,0x000000db90600000)]
  0x000002b6ff93e760 JavaThread "Service Thread" daemon [_thread_blocked, id=19804, stack(0x000000db90600000,0x000000db90700000)]
=>0x000002b6ff943ca0 JavaThread "C2 CompilerThread0" daemon [_thread_in_native, id=15404, stack(0x000000db90700000,0x000000db90800000)]
  0x000002b6ff948260 JavaThread "C1 CompilerThread0" daemon [_thread_in_vm, id=12648, stack(0x000000db90800000,0x000000db90900000)]
  0x000002b6ff949440 JavaThread "Sweeper thread" daemon [_thread_blocked, id=6952, stack(0x000000db90900000,0x000000db90a00000)]
  0x000002b6ffadcb30 JavaThread "Notification Thread" daemon [_thread_blocked, id=17068, stack(0x000000db90a00000,0x000000db90b00000)]
  0x000002b6ffae1930 JavaThread "Common-Cleaner" daemon [_thread_blocked, id=10932, stack(0x000000db90c00000,0x000000db90d00000)]
  0x000002b686b9eb90 JavaThread "ReaderThread" [_thread_in_native, id=3440, stack(0x000000db91100000,0x000000db91200000)]
  0x000002b688cbda70 JavaThread "ForkJoinPool.commonPool-worker-3" daemon [_thread_blocked, id=10712, stack(0x000000db91300000,0x000000db91400000)]
  0x000002b688ca9eb0 JavaThread "AsyncHttpClient-1-1" daemon [_thread_blocked, id=10500, stack(0x000000db91400000,0x000000db91500000)]
  0x000002b687e1d3f0 JavaThread "Exec Default Executor" daemon [_thread_in_native, id=11088, stack(0x000000db90f00000,0x000000db91000000)]
  0x000002b687b94840 JavaThread "Exec Stream Pumper" daemon [_thread_in_native, id=2904, stack(0x000000db91500000,0x000000db91600000)]
  0x000002b6876b3860 JavaThread "Exec Stream Pumper" daemon [_thread_in_native, id=13376, stack(0x000000db91600000,0x000000db91700000)]
  0x000002b687b5a060 JavaThread "Driver Service Executor" daemon [_thread_blocked, id=19624, stack(0x000000db91700000,0x000000db91800000)]
  0x000002b687cdf3d0 JavaThread "Driver Service Executor" daemon [_thread_blocked, id=15912, stack(0x000000db91800000,0x000000db91900000)]
  0x000002b688e9a110 JavaThread "UrlChecker-2" daemon [_thread_blocked, id=20448, stack(0x000000db91900000,0x000000db91a00000)]
  0x000002b687e36410 JavaThread "AsyncHttpClient-1-2" daemon [_thread_in_native, id=9380, stack(0x000000db91b00000,0x000000db91c00000)]
  0x000002b687e37280 JavaThread "AsyncHttpClient-1-3" daemon [_thread_in_native, id=2068, stack(0x000000db91c00000,0x000000db91d00000)]
  0x000002b687e34c00 JavaThread "AsyncHttpClient-1-4" daemon [_thread_in_native, id=2976, stack(0x000000db91d00000,0x000000db91e00000)]
  0x000002b687e35f40 JavaThread "Exec Default Executor" daemon [_thread_in_native, id=9808, stack(0x000000db91e00000,0x000000db91f00000)]
  0x000002b687e368e0 JavaThread "Exec Stream Pumper" daemon [_thread_in_native, id=19372, stack(0x000000db91f00000,0x000000db92000000)]
  0x000002b687e36db0 JavaThread "Exec Stream Pumper" daemon [_thread_in_native, id=2176, stack(0x000000db92000000,0x000000db92100000)]
  0x000002b687e37750 JavaThread "Driver Service Executor" daemon [_thread_blocked, id=2384, stack(0x000000db92100000,0x000000db92200000)]
  0x000002b687e37c20 JavaThread "Driver Service Executor" daemon [_thread_blocked, id=4264, stack(0x000000db92200000,0x000000db92300000)]
  0x000002b687e380f0 JavaThread "Keep-Alive-Timer" daemon [_thread_blocked, id=3628, stack(0x000000db91a00000,0x000000db91b00000)]
  0x000002b687e385c0 JavaThread "AsyncHttpClient-1-5" daemon [_thread_in_native, id=1592, stack(0x000000db92300000,0x000000db92400000)]
  0x000002b687e350d0 JavaThread "AsyncHttpClient-1-6" daemon [_thread_in_native, id=3360, stack(0x000000db92400000,0x000000db92500000)]
  0x000002b687e35a70 JavaThread "AsyncHttpClient-1-7" daemon [_thread_in_native, id=15232, stack(0x000000db92500000,0x000000db92600000)]
  0x000002b688e95f90 JavaThread "C2 CompilerThread1" daemon [_thread_in_native, id=512, stack(0x000000db92600000,0x000000db92700000)]

Other Threads:
  0x000002b6ff8d5fb0 VMThread "VM Thread" [stack: 0x000000db90100000,0x000000db90200000] [id=19184]
  0x000002b6ffadd000 WatcherThread [stack: 0x000000db90b00000,0x000000db90c00000] [id=12220]
  0x000002b6e9e9ff30 GCTaskThread "GC Thread#0" [stack: 0x000000db8fc00000,0x000000db8fd00000] [id=18412]
  0x000002b686822f70 GCTaskThread "GC Thread#1" [stack: 0x000000db90d00000,0x000000db90e00000] [id=1080]
  0x000002b686822910 GCTaskThread "GC Thread#2" [stack: 0x000000db90e00000,0x000000db90f00000] [id=19272]
  0x000002b686823900 GCTaskThread "GC Thread#3" [stack: 0x000000db91200000,0x000000db91300000] [id=17428]
  0x000002b6e9eb14f0 ConcurrentGCThread "G1 Main Marker" [stack: 0x000000db8fd00000,0x000000db8fe00000] [id=15544]
  0x000002b6e9eb2070 ConcurrentGCThread "G1 Conc#0" [stack: 0x000000db8fe00000,0x000000db8ff00000] [id=2004]
  0x000002b6e9f2cb70 ConcurrentGCThread "G1 Refine#0" [stack: 0x000000db8ff00000,0x000000db90000000] [id=5172]
  0x000002b6e9f2d680 ConcurrentGCThread "G1 Young RemSet Sampling" [stack: 0x000000db90000000,0x000000db90100000] [id=17752]

Threads with active compile tasks:
C2 CompilerThread0    15001 2905 % !   4       sun.net.www.ParseUtil::decode @ 70 (317 bytes)
C1 CompilerThread0    15001 2940       3       java.util.stream.Collectors$$Lambda$82/0x000000010015e3f8::<init> (20 bytes)
C2 CompilerThread1    15001 2937       4       java.util.regex.Pattern$CharProperty::match (71 bytes)

VM state: not at safepoint (normal execution)

VM Mutex/Monitor currently owned by a thread: None

Heap address: 0x0000000081e00000, size: 2018 MB, Compressed Oops mode: 32-bit
CDS disabled.
Compressed class space mapped at: 0x0000000100000000-0x0000000140000000, size: 1073741824
Narrow klass base: 0x0000000000000000, Narrow klass shift: 3, Narrow klass range: 0x140000000

GC Precious Log:
 CPUs: 4 total, 4 available
 Memory: 8071M
 Large Page Support: Disabled
 NUMA Support: Disabled
 Compressed Oops: Enabled (32-bit)
 Heap Region Size: 1M
 Heap Min Capacity: 8M
 Heap Initial Capacity: 128M
 Heap Max Capacity: 2018M
 Pre-touch: Disabled
 Parallel Workers: 4
 Concurrent Workers: 1
 Concurrent Refinement Workers: 4
 Periodic GC: Disabled

Heap:
 garbage-first heap   total 49152K, used 30453K [0x0000000081e00000, 0x0000000100000000)
  region size 1024K, 9 young (9216K), 2 survivors (2048K)
 Metaspace       used 34150K, capacity 34526K, committed 34556K, reserved 1079296K
  class space    used 3795K, capacity 3897K, committed 3916K, reserved 1048576K

Heap Regions: E=young(eden), S=young(survivor), O=old, HS=humongous(starts), HC=humongous(continues), CS=collection set, F=free, OA=open archive, CA=closed archive, TAMS=top-at-mark-start (previous, next)
|   0|0x0000000081e00000, 0x0000000081f00000, 0x0000000081f00000|100%| O|  |TAMS 0x0000000081f00000, 0x0000000081e00000| Untracked 
|   1|0x0000000081f00000, 0x0000000082000000, 0x0000000082000000|100%| O|  |TAMS 0x0000000082000000, 0x0000000081f00000| Untracked 
|   2|0x0000000082000000, 0x0000000082100000, 0x0000000082100000|100%| O|  |TAMS 0x0000000082100000, 0x0000000082000000| Untracked 
|   3|0x0000000082100000, 0x0000000082200000, 0x0000000082200000|100%| O|  |TAMS 0x0000000082200000, 0x0000000082100000| Untracked 
|   4|0x0000000082200000, 0x0000000082300000, 0x0000000082300000|100%| O|  |TAMS 0x0000000082300000, 0x0000000082200000| Untracked 
|   5|0x0000000082300000, 0x0000000082375c00, 0x0000000082400000| 45%| O|  |TAMS 0x0000000082375c00, 0x0000000082300000| Untracked 
|   6|0x0000000082400000, 0x0000000082500000, 0x0000000082500000|100%| O|  |TAMS 0x0000000082500000, 0x0000000082400000| Untracked 
|   7|0x0000000082500000, 0x0000000082600000, 0x0000000082600000|100%| O|  |TAMS 0x0000000082600000, 0x0000000082500000| Untracked 
|   8|0x0000000082600000, 0x0000000082700000, 0x0000000082700000|100%| O|  |TAMS 0x0000000082700000, 0x0000000082600000| Untracked 
|   9|0x0000000082700000, 0x0000000082800000, 0x0000000082800000|100%| O|  |TAMS 0x0000000082800000, 0x0000000082700000| Untracked 
|  10|0x0000000082800000, 0x0000000082900000, 0x0000000082900000|100%| O|  |TAMS 0x0000000082900000, 0x0000000082800000| Untracked 
|  11|0x0000000082900000, 0x0000000082a00000, 0x0000000082a00000|100%| O|  |TAMS 0x0000000082a00000, 0x0000000082900000| Untracked 
|  12|0x0000000082a00000, 0x0000000082a47a00, 0x0000000082b00000| 27%| O|  |TAMS 0x0000000082a47a00, 0x0000000082a00000| Untracked 
|  13|0x0000000082b00000, 0x0000000082b00000, 0x0000000082c00000|  0%| F|  |TAMS 0x0000000082b00000, 0x0000000082b00000| Untracked 
|  14|0x0000000082c00000, 0x0000000082c00000, 0x0000000082d00000|  0%| F|  |TAMS 0x0000000082c00000, 0x0000000082c00000| Untracked 
|  15|0x0000000082d00000, 0x0000000082d00000, 0x0000000082e00000|  0%| F|  |TAMS 0x0000000082d00000, 0x0000000082d00000| Untracked 
|  16|0x0000000082e00000, 0x0000000082f00000, 0x0000000082f00000|100%|HS|  |TAMS 0x0000000082f00000, 0x0000000082e00000| Complete 
|  17|0x0000000082f00000, 0x0000000083000000, 0x0000000083000000|100%|HC|  |TAMS 0x0000000083000000, 0x0000000082f00000| Complete 
|  18|0x0000000083000000, 0x0000000083100000, 0x0000000083100000|100%|HC|  |TAMS 0x0000000083100000, 0x0000000083000000| Complete 
|  19|0x0000000083100000, 0x0000000083200000, 0x0000000083200000|100%|HC|  |TAMS 0x0000000083200000, 0x0000000083100000| Complete 
|  20|0x0000000083200000, 0x0000000083300000, 0x0000000083300000|100%|HC|  |TAMS 0x0000000083300000, 0x0000000083200000| Complete 
|  21|0x0000000083300000, 0x0000000083400000, 0x0000000083400000|100%|HS|  |TAMS 0x0000000083300000, 0x0000000083300000| Complete 
|  22|0x0000000083400000, 0x0000000083500000, 0x0000000083500000|100%|HC|  |TAMS 0x0000000083400000, 0x0000000083400000| Complete 
|  23|0x0000000083500000, 0x0000000083600000, 0x0000000083600000|100%|HC|  |TAMS 0x0000000083500000, 0x0000000083500000| Complete 
|  24|0x0000000083600000, 0x0000000083700000, 0x0000000083700000|100%|HC|  |TAMS 0x0000000083600000, 0x0000000083600000| Complete 
|  25|0x0000000083700000, 0x0000000083800000, 0x0000000083800000|100%|HC|  |TAMS 0x0000000083700000, 0x0000000083700000| Complete 
|  26|0x0000000083800000, 0x0000000083800000, 0x0000000083900000|  0%| F|  |TAMS 0x0000000083800000, 0x0000000083800000| Untracked 
|  27|0x0000000083900000, 0x0000000083900000, 0x0000000083a00000|  0%| F|  |TAMS 0x0000000083900000, 0x0000000083900000| Untracked 
|  28|0x0000000083a00000, 0x0000000083a00000, 0x0000000083b00000|  0%| F|  |TAMS 0x0000000083a00000, 0x0000000083a00000| Untracked 
|  29|0x0000000083b00000, 0x0000000083b00000, 0x0000000083c00000|  0%| F|  |TAMS 0x0000000083b00000, 0x0000000083b00000| Untracked 
|  30|0x0000000083c00000, 0x0000000083c00000, 0x0000000083d00000|  0%| F|  |TAMS 0x0000000083c00000, 0x0000000083c00000| Untracked 
|  31|0x0000000083d00000, 0x0000000083d00000, 0x0000000083e00000|  0%| F|  |TAMS 0x0000000083d00000, 0x0000000083d00000| Untracked 
|  32|0x0000000083e00000, 0x0000000083e00000, 0x0000000083f00000|  0%| F|  |TAMS 0x0000000083e00000, 0x0000000083e00000| Untracked 
|  33|0x0000000083f00000, 0x0000000084000000, 0x0000000084000000|100%| S|CS|TAMS 0x0000000083f00000, 0x0000000083f00000| Complete 
|  34|0x0000000084000000, 0x0000000084100000, 0x0000000084100000|100%| S|CS|TAMS 0x0000000084000000, 0x0000000084000000| Complete 
|  35|0x0000000084100000, 0x0000000084100000, 0x0000000084200000|  0%| F|  |TAMS 0x0000000084100000, 0x0000000084100000| Untracked 
|  36|0x0000000084200000, 0x0000000084200000, 0x0000000084300000|  0%| F|  |TAMS 0x0000000084200000, 0x0000000084200000| Untracked 
|  37|0x0000000084300000, 0x0000000084300000, 0x0000000084400000|  0%| F|  |TAMS 0x0000000084300000, 0x0000000084300000| Untracked 
|  38|0x0000000084400000, 0x0000000084400000, 0x0000000084500000|  0%| F|  |TAMS 0x0000000084400000, 0x0000000084400000| Untracked 
|  39|0x0000000084500000, 0x0000000084500000, 0x0000000084600000|  0%| F|  |TAMS 0x0000000084500000, 0x0000000084500000| Untracked 
|  40|0x0000000084600000, 0x0000000084600000, 0x0000000084700000|  0%| F|  |TAMS 0x0000000084600000, 0x0000000084600000| Untracked 
|  41|0x0000000084700000, 0x000000008474a0c8, 0x0000000084800000| 28%| E|  |TAMS 0x0000000084700000, 0x0000000084700000| Complete 
| 116|0x0000000089200000, 0x0000000089300000, 0x0000000089300000|100%| E|CS|TAMS 0x0000000089200000, 0x0000000089200000| Complete 
| 117|0x0000000089300000, 0x0000000089400000, 0x0000000089400000|100%| E|CS|TAMS 0x0000000089300000, 0x0000000089300000| Complete 
| 118|0x0000000089400000, 0x0000000089500000, 0x0000000089500000|100%| E|CS|TAMS 0x0000000089400000, 0x0000000089400000| Complete 
| 119|0x0000000089500000, 0x0000000089600000, 0x0000000089600000|100%| E|CS|TAMS 0x0000000089500000, 0x0000000089500000| Complete 
| 120|0x0000000089600000, 0x0000000089700000, 0x0000000089700000|100%| E|CS|TAMS 0x0000000089600000, 0x0000000089600000| Complete 
| 127|0x0000000089d00000, 0x0000000089e00000, 0x0000000089e00000|100%| E|CS|TAMS 0x0000000089d00000, 0x0000000089d00000| Complete 

Card table byte_map: [0x000002b6feac0000,0x000002b6feec0000] _byte_map_base: 0x000002b6fe6b1000

Marking Bits (Prev, Next): (CMBitMap*) 0x000002b6e9ea06b0, (CMBitMap*) 0x000002b6e9ea06f0
 Prev Bits: [0x000002b680000000, 0x000002b681f88000)
 Next Bits: [0x000002b681f90000, 0x000002b683f18000)

Polling page: 0x000002b6e9cd0000

Metaspace:

Usage:
  Non-class:     29.91 MB capacity,    29.64 MB (>99%) used,   224.72 KB ( <1%) free+waste,    48.31 KB ( <1%) overhead. 
      Class:      3.81 MB capacity,     3.71 MB ( 97%) used,    84.59 KB (  2%) free+waste,    17.38 KB ( <1%) overhead. 
       Both:     33.72 MB capacity,    33.35 MB ( 99%) used,   309.31 KB ( <1%) free+waste,    65.69 KB ( <1%) overhead. 

Virtual space:
  Non-class space:       30.00 MB reserved,      29.92 MB (>99%) committed 
      Class space:        1.00 GB reserved,       3.82 MB ( <1%) committed 
             Both:        1.03 GB reserved,      33.75 MB (  3%) committed 

Chunk freelists:
   Non-Class:  11.00 KB
       Class:  7.00 KB
        Both:  18.00 KB

MaxMetaspaceSize: 17179869184.00 GB
CompressedClassSpaceSize: 1.00 GB

CodeHeap 'non-profiled nmethods': size=120000Kb used=1261Kb max_used=1261Kb free=118738Kb
 bounds [0x000002b6f6b70000, 0x000002b6f6de0000, 0x000002b6fe0a0000]
CodeHeap 'profiled nmethods': size=120000Kb used=5685Kb max_used=5685Kb free=114314Kb
 bounds [0x000002b6ef640000, 0x000002b6efbd0000, 0x000002b6f6b70000]
CodeHeap 'non-nmethods': size=5760Kb used=1287Kb max_used=1328Kb free=4472Kb
 bounds [0x000002b6ef0a0000, 0x000002b6ef310000, 0x000002b6ef640000]
 total_blobs=3509 nmethods=2938 adapters=483
 compilation: enabled
              stopped_count=0, restarted_count=0
 full_count=0

Compilation events (20 events):
Event: 14.941 Thread 0x000002b6ff948260 2914       3       java.util.Dictionary::<init> (5 bytes)
Event: 14.941 Thread 0x000002b6ff948260 nmethod 2914 0x000002b6efbbdc10 code [0x000002b6efbbdda0, 0x000002b6efbbdef8]
Event: 14.941 Thread 0x000002b688e95f90 nmethod 2910 0x000002b6f6ca7a10 code [0x000002b6f6ca7ba0, 0x000002b6f6ca7ce8]
Event: 14.941 Thread 0x000002b688e95f90 2915 %     4       java.util.regex.Matcher::search @ 46 (154 bytes)
Event: 14.944 Thread 0x000002b6ff948260 2916       3       sun.util.calendar.BaseCalendar::getFixedDate (324 bytes)
Event: 14.947 Thread 0x000002b6ff948260 nmethod 2916 0x000002b6efbbdf90 code [0x000002b6efbbe2c0, 0x000002b6efbc0318]
Event: 14.947 Thread 0x000002b6ff948260 2917       3       java.util.Calendar::internalGet (7 bytes)
Event: 14.947 Thread 0x000002b6ff948260 nmethod 2917 0x000002b6efbc0d90 code [0x000002b6efbc0f20, 0x000002b6efbc1058]
Event: 14.948 Thread 0x000002b6ff948260 2918       3       java.util.Properties::<init> (32 bytes)
Event: 14.949 Thread 0x000002b6ff948260 nmethod 2918 0x000002b6efbc1110 code [0x000002b6efbc1300, 0x000002b6efbc1728]
Event: 14.949 Thread 0x000002b6ff948260 2919       3       java.util.Hashtable::<init> (10 bytes)
Event: 14.949 Thread 0x000002b6ff948260 nmethod 2919 0x000002b6efbc1910 code [0x000002b6efbc1ac0, 0x000002b6efbc1c78]
Event: 14.949 Thread 0x000002b6ff948260 2920       3       java.util.stream.Collectors$$Lambda$83/0x000000010015e618::accept (12 bytes)
Event: 14.949 Thread 0x000002b6ff948260 nmethod 2920 0x000002b6efbc1d90 code [0x000002b6efbc1f40, 0x000002b6efbc2268]
Event: 14.950 Thread 0x000002b6ff948260 2921       3       java.util.regex.Pattern$CharProperty::match (71 bytes)
Event: 14.950 Thread 0x000002b6ff948260 nmethod 2921 0x000002b6efbc2390 code [0x000002b6efbc2560, 0x000002b6efbc2a48]
Event: 14.950 Thread 0x000002b6ff948260 2922       3       java.util.regex.Pattern$CharPredicate$$Lambda$522/0x00000001003bdbd8::is (15 bytes)
Event: 14.950 Thread 0x000002b6ff948260 nmethod 2922 0x000002b6efbc2c10 code [0x000002b6efbc2dc0, 0x000002b6efbc2f88]
Event: 14.951 Thread 0x000002b6ff948260 2923       3       java.util.regex.Pattern$CharPredicate::lambda$and$0 (26 bytes)
Event: 14.951 Thread 0x000002b6ff948260 nmethod 2923 0x000002b6efbc3090 code [0x000002b6efbc3240, 0x000002b6efbc3558]

GC Heap History (14 events):
Event: 0.523 GC heap before
{Heap before GC invocations=0 (full 0):
 garbage-first heap   total 131072K, used 12288K [0x0000000081e00000, 0x0000000100000000)
  region size 1024K, 13 young (13312K), 0 survivors (0K)
 Metaspace       used 7674K, capacity 7830K, committed 7936K, reserved 1056768K
  class space    used 647K, capacity 692K, committed 768K, reserved 1048576K
}
Event: 0.526 GC heap after
{Heap after GC invocations=1 (full 0):
 garbage-first heap   total 131072K, used 4394K [0x0000000081e00000, 0x0000000100000000)
  region size 1024K, 2 young (2048K), 2 survivors (2048K)
 Metaspace       used 7674K, capacity 7830K, committed 7936K, reserved 1056768K
  class space    used 647K, capacity 692K, committed 768K, reserved 1048576K
}
Event: 1.218 GC heap before
{Heap before GC invocations=1 (full 0):
 garbage-first heap   total 131072K, used 17706K [0x0000000081e00000, 0x0000000100000000)
  region size 1024K, 15 young (15360K), 2 survivors (2048K)
 Metaspace       used 15073K, capacity 15322K, committed 15488K, reserved 1062912K
  class space    used 1472K, capacity 1561K, committed 1664K, reserved 1048576K
}
Event: 1.222 GC heap after
{Heap after GC invocations=2 (full 0):
 garbage-first heap   total 131072K, used 5955K [0x0000000081e00000, 0x0000000100000000)
  region size 1024K, 2 young (2048K), 2 survivors (2048K)
 Metaspace       used 15073K, capacity 15322K, committed 15488K, reserved 1062912K
  class space    used 1472K, capacity 1561K, committed 1664K, reserved 1048576K
}
Event: 1.972 GC heap before
{Heap before GC invocations=2 (full 0):
 garbage-first heap   total 131072K, used 29507K [0x0000000081e00000, 0x0000000100000000)
  region size 1024K, 26 young (26624K), 2 survivors (2048K)
 Metaspace       used 20646K, capacity 20928K, committed 21120K, reserved 1069056K
  class space    used 2039K, capacity 2164K, committed 2176K, reserved 1048576K
}
Event: 1.980 GC heap after
{Heap after GC invocations=3 (full 0):
 garbage-first heap   total 131072K, used 9687K [0x0000000081e00000, 0x0000000100000000)
  region size 1024K, 4 young (4096K), 4 survivors (4096K)
 Metaspace       used 20646K, capacity 20928K, committed 21120K, reserved 1069056K
  class space    used 2039K, capacity 2164K, committed 2176K, reserved 1048576K
}
Event: 2.068 GC heap before
{Heap before GC invocations=3 (full 0):
 garbage-first heap   total 131072K, used 15831K [0x0000000081e00000, 0x0000000100000000)
  region size 1024K, 11 young (11264K), 4 survivors (4096K)
 Metaspace       used 20918K, capacity 21184K, committed 21296K, reserved 1069056K
  class space    used 2059K, capacity 2164K, committed 2176K, reserved 1048576K
}
Event: 2.074 GC heap after
{Heap after GC invocations=4 (full 0):
 garbage-first heap   total 131072K, used 10503K [0x0000000081e00000, 0x0000000100000000)
  region size 1024K, 5 young (5120K), 5 survivors (5120K)
 Metaspace       used 20918K, capacity 21184K, committed 21296K, reserved 1069056K
  class space    used 2059K, capacity 2164K, committed 2176K, reserved 1048576K
}
Event: 2.790 GC heap before
{Heap before GC invocations=5 (full 0):
 garbage-first heap   total 40960K, used 29959K [0x0000000081e00000, 0x0000000100000000)
  region size 1024K, 24 young (24576K), 5 survivors (5120K)
 Metaspace       used 27474K, capacity 27796K, committed 28028K, reserved 1075200K
  class space    used 2899K, capacity 3002K, committed 3020K, reserved 1048576K
}
Event: 2.799 GC heap after
{Heap after GC invocations=6 (full 0):
 garbage-first heap   total 40960K, used 12329K [0x0000000081e00000, 0x0000000100000000)
  region size 1024K, 3 young (3072K), 3 survivors (3072K)
 Metaspace       used 27474K, capacity 27796K, committed 28028K, reserved 1075200K
  class space    used 2899K, capacity 3002K, committed 3020K, reserved 1048576K
}
Event: 5.391 GC heap before
{Heap before GC invocations=6 (full 0):
 garbage-first heap   total 40960K, used 31785K [0x0000000081e00000, 0x0000000100000000)
  region size 1024K, 18 young (18432K), 3 survivors (3072K)
 Metaspace       used 31494K, capacity 31835K, committed 31996K, reserved 1077248K
  class space    used 3446K, capacity 3559K, committed 3660K, reserved 1048576K
}
Event: 5.397 GC heap after
{Heap after GC invocations=7 (full 0):
 garbage-first heap   total 49152K, used 18297K [0x0000000081e00000, 0x0000000100000000)
  region size 1024K, 2 young (2048K), 2 survivors (2048K)
 Metaspace       used 31494K, capacity 31835K, committed 31996K, reserved 1077248K
  class space    used 3446K, capacity 3559K, committed 3660K, reserved 1048576K
}
Event: 13.528 GC heap before
{Heap before GC invocations=7 (full 0):
 garbage-first heap   total 49152K, used 30585K [0x0000000081e00000, 0x0000000100000000)
  region size 1024K, 15 young (15360K), 2 survivors (2048K)
 Metaspace       used 33697K, capacity 34058K, committed 34300K, reserved 1079296K
  class space    used 3722K, capacity 3850K, committed 3916K, reserved 1048576K
}
Event: 13.536 GC heap after
{Heap after GC invocations=8 (full 0):
 garbage-first heap   total 49152K, used 19189K [0x0000000081e00000, 0x0000000100000000)
  region size 1024K, 2 young (2048K), 2 survivors (2048K)
 Metaspace       used 33697K, capacity 34058K, committed 34300K, reserved 1079296K
  class space    used 3722K, capacity 3850K, committed 3916K, reserved 1048576K
}

Deoptimization events (20 events):
Event: 14.950 Thread 0x000002b6e9e29f40 Uncommon trap: trap_request=0xffffff66 fr.pc=0x000002b6f6c9593c relative=0x000000000000059c
Event: 14.950 Thread 0x000002b6e9e29f40 Uncommon trap: reason=speculate_class_check action=maybe_recompile pc=0x000002b6f6c9593c method=java.util.regex.Pattern$CharPredicate.lambda$negate$3(I)Z @ 2 c2
Event: 14.950 Thread 0x000002b6e9e29f40 DEOPT PACKING pc=0x000002b6f6c9593c sp=0x000000db8fbfea30
Event: 14.950 Thread 0x000002b6e9e29f40 DEOPT UNPACKING pc=0x000002b6ef0ee42f sp=0x000000db8fbfe888 mode 2
Event: 14.950 Thread 0x000002b6e9e29f40 Uncommon trap: trap_request=0xffffff66 fr.pc=0x000002b6f6c9593c relative=0x000000000000059c
Event: 14.950 Thread 0x000002b6e9e29f40 Uncommon trap: reason=speculate_class_check action=maybe_recompile pc=0x000002b6f6c9593c method=java.util.regex.Pattern$CharPredicate.lambda$negate$3(I)Z @ 2 c2
Event: 14.950 Thread 0x000002b6e9e29f40 DEOPT PACKING pc=0x000002b6f6c9593c sp=0x000000db8fbfea30
Event: 14.950 Thread 0x000002b6e9e29f40 DEOPT UNPACKING pc=0x000002b6ef0ee42f sp=0x000000db8fbfe888 mode 2
Event: 14.950 Thread 0x000002b6e9e29f40 Uncommon trap: trap_request=0xffffff66 fr.pc=0x000002b6f6c9a194 relative=0x00000000000004f4
Event: 14.950 Thread 0x000002b6e9e29f40 Uncommon trap: reason=speculate_class_check action=maybe_recompile pc=0x000002b6f6c9a194 method=java.util.regex.Pattern$CharPredicate.lambda$negate$3(I)Z @ 2 c2
Event: 14.950 Thread 0x000002b6e9e29f40 DEOPT PACKING pc=0x000002b6f6c9a194 sp=0x000000db8fbfe9f0
Event: 14.950 Thread 0x000002b6e9e29f40 DEOPT UNPACKING pc=0x000002b6ef0ee42f sp=0x000000db8fbfe8b0 mode 2
Event: 14.951 Thread 0x000002b6e9e29f40 Uncommon trap: trap_request=0xffffffc6 fr.pc=0x000002b6f6ca02a4 relative=0x0000000000000584
Event: 14.951 Thread 0x000002b6e9e29f40 Uncommon trap: reason=bimorphic_or_optimized_type_check action=maybe_recompile pc=0x000002b6f6ca02a4 method=java.util.regex.Pattern$CharPredicate.lambda$negate$3(I)Z @ 2 c2
Event: 14.951 Thread 0x000002b6e9e29f40 DEOPT PACKING pc=0x000002b6f6ca02a4 sp=0x000000db8fbfe9a0
Event: 14.951 Thread 0x000002b6e9e29f40 DEOPT UNPACKING pc=0x000002b6ef0ee42f sp=0x000000db8fbfe8d0 mode 2
Event: 14.951 Thread 0x000002b6e9e29f40 Uncommon trap: trap_request=0xffffffc6 fr.pc=0x000002b6f6ca11b4 relative=0x0000000000000534
Event: 14.951 Thread 0x000002b6e9e29f40 Uncommon trap: reason=bimorphic_or_optimized_type_check action=maybe_recompile pc=0x000002b6f6ca11b4 method=java.util.regex.Pattern$CharPredicate.lambda$negate$3(I)Z @ 2 c2
Event: 14.951 Thread 0x000002b6e9e29f40 DEOPT PACKING pc=0x000002b6f6ca11b4 sp=0x000000db8fbfe910
Event: 14.951 Thread 0x000002b6e9e29f40 DEOPT UNPACKING pc=0x000002b6ef0ee42f sp=0x000000db8fbfe8b8 mode 2

Classes unloaded (0 events):
No events

Classes redefined (0 events):
No events

Internal exceptions (20 events):
Event: 2.815 Thread 0x000002b687e1d3f0 Exception <a 'java/lang/NoSuchMethodError'{0x0000000089d16290}: 'java.lang.Object java.lang.invoke.DirectMethodHandle$Holder.newInvokeSpecial(java.lang.Object, long)'> (0x0000000089d16290) 
thrown [./open/src/hotspot/share/interpreter/linkResolver.cpp, line 782]
Event: 2.816 Thread 0x000002b687e1d3f0 Exception <a 'java/lang/NoSuchMethodError'{0x0000000089d1d140}: 'java.lang.Object java.lang.invoke.DirectMethodHandle$Holder.invokeStatic(java.lang.Object, java.lang.Object, long, java.lang.Object)'> (0x0000000089d1d140) 
thrown [./open/src/hotspot/share/interpreter/linkResolver.cpp, line 782]
Event: 2.817 Thread 0x000002b687e1d3f0 Exception <a 'java/lang/NoSuchMethodError'{0x0000000089d20b38}: 'java.lang.Object java.lang.invoke.DirectMethodHandle$Holder.invokeStaticInit(java.lang.Object, java.lang.Object, long, java.lang.Object)'> (0x0000000089d20b38) 
thrown [./open/src/hotspot/share/interpreter/linkResolver.cpp, line 782]
Event: 2.817 Thread 0x000002b687e1d3f0 Exception <a 'java/lang/NoSuchMethodError'{0x0000000089d73ee8}: 'java.lang.Object java.lang.invoke.DirectMethodHandle$Holder.newInvokeSpecial(java.lang.Object, java.lang.Object, long)'> (0x0000000089d73ee8) 
thrown [./open/src/hotspot/share/interpreter/linkResolver.cpp, line 782]
Event: 3.373 Thread 0x000002b688e9a110 Exception <a 'java/net/SocketException'{0x00000000896220f0}: Socket is not connected: shutdown> (0x00000000896220f0) 
thrown [./open/src/hotspot/share/prims/jni.cpp, line 599]
Event: 3.413 Thread 0x000002b6e9e29f40 Exception <a 'java/lang/NoSuchMethodError'{0x0000000089689458}: 'double java.lang.invoke.DirectMethodHandle$Holder.invokeVirtual(java.lang.Object, java.lang.Object)'> (0x0000000089689458) 
thrown [./open/src/hotspot/share/interpreter/linkResolver.cpp, line 782]
Event: 3.415 Thread 0x000002b6e9e29f40 Exception <a 'java/lang/NoSuchMethodError'{0x000000008968ff90}: 'float java.lang.invoke.DirectMethodHandle$Holder.invokeVirtual(java.lang.Object, java.lang.Object)'> (0x000000008968ff90) 
thrown [./open/src/hotspot/share/interpreter/linkResolver.cpp, line 782]
Event: 3.416 Thread 0x000002b6e9e29f40 Exception <a 'java/lang/NoSuchMethodError'{0x00000000896994d8}: 'long java.lang.invoke.DirectMethodHandle$Holder.invokeVirtual(java.lang.Object, java.lang.Object)'> (0x00000000896994d8) 
thrown [./open/src/hotspot/share/interpreter/linkResolver.cpp, line 782]
Event: 3.460 Thread 0x000002b6e9e29f40 Exception <a 'java/lang/NoSuchMethodError'{0x000000008940ac78}: 'void java.lang.invoke.DirectMethodHandle$Holder.invokeSpecial(java.lang.Object, java.lang.Object, java.lang.Object, java.lang.Object, java.lang.Object)'> (0x000000008940ac78) 
thrown [./open/src/hotspot/share/interpreter/linkResolver.cpp, line 782]
Event: 3.463 Thread 0x000002b6e9e29f40 Exception <a 'java/lang/NoSuchMethodError'{0x0000000089412080}: 'void java.lang.invoke.DirectMethodHandle$Holder.invokeStatic(java.lang.Object, java.lang.Object, int)'> (0x0000000089412080) 
thrown [./open/src/hotspot/share/interpreter/linkResolver.cpp, line 782]
Event: 3.541 Thread 0x000002b6e9e29f40 Exception <a 'java/lang/NoSuchMethodError'{0x000000008929e5e8}: 'int java.lang.invoke.DirectMethodHandle$Holder.invokeSpecialIFC(java.lang.Object, java.lang.Object, java.lang.Object)'> (0x000000008929e5e8) 
thrown [./open/src/hotspot/share/interpreter/linkResolver.cpp, line 782]
Event: 3.648 Thread 0x000002b6e9e29f40 Exception <a 'java/lang/NoSuchMethodError'{0x0000000083c2fd68}: 'void java.lang.invoke.DirectMethodHandle$Holder.invokeSpecial(java.lang.Object, java.lang.Object, java.lang.Object, java.lang.Object, java.lang.Object, java.lang.Object)'> (0x0000000083c2fd68) 
thrown [./open/src/hotspot/share/interpreter/linkResolver.cpp, line 782]
Event: 5.555 Thread 0x000002b6e9e29f40 Exception <a 'java/lang/NoSuchMethodError'{0x00000000895a7b38}: 'java.lang.Object java.lang.invoke.DirectMethodHandle$Holder.invokeSpecialIFC(java.lang.Object, java.lang.Object, java.lang.Object)'> (0x00000000895a7b38) 
thrown [./open/src/hotspot/share/interpreter/linkResolver.cpp, line 782]
Event: 5.996 Thread 0x000002b6e9e29f40 Exception <a 'java/lang/ClassNotFoundException'{0x00000000846552a0}: sun/util/logging/resources/spi/loggingProvider> (0x00000000846552a0) 
thrown [./open/src/hotspot/share/classfile/systemDictionary.cpp, line 295]
Event: 12.823 Thread 0x000002b6e9e29f40 Exception <a 'java/lang/ClassNotFoundException'{0x0000000084586850}: sun/misc/SharedSecrets> (0x0000000084586850) 
thrown [./open/src/hotspot/share/classfile/systemDictionary.cpp, line 295]
Event: 12.829 Thread 0x000002b6e9e29f40 Exception <a 'java/lang/reflect/InvocationTargetException'{0x00000000845b1950}> (0x00000000845b1950) 
thrown [./open/src/hotspot/share/runtime/reflection.cpp, line 1157]
Event: 12.891 Thread 0x000002b6e9e29f40 Exception <a 'java/net/SocketException'{0x00000000843e06f8}: Socket is not connected: shutdown> (0x00000000843e06f8) 
thrown [./open/src/hotspot/share/prims/jni.cpp, line 599]
Event: 12.892 Thread 0x000002b6e9e29f40 Exception <a 'java/net/SocketException'{0x00000000843e0f60}: Socket is not connected: shutdown> (0x00000000843e0f60) 
thrown [./open/src/hotspot/share/prims/jni.cpp, line 599]
Event: 14.637 Thread 0x000002b6e9e29f40 Exception <a 'java/lang/reflect/InvocationTargetException'{0x0000000089d9e838}> (0x0000000089d9e838) 
thrown [./open/src/hotspot/share/runtime/reflection.cpp, line 1157]
Event: 14.838 Thread 0x000002b6e9e29f40 Exception <a 'java/lang/NoSuchMethodError'{0x00000000894d27b8}: 'java.lang.Object java.lang.invoke.DirectMethodHandle$Holder.invokeSpecial(java.lang.Object, java.lang.Object, int, java.lang.Object, java.lang.Object)'> (0x00000000894d27b8) 
thrown [./open/src/hotspot/share/interpreter/linkResolver.cpp, line 782]

Events (20 events):
Event: 14.695 loading class java/net/InetAddress$CachedLocalHost done
Event: 14.697 loading class java/text/StringCharacterIterator
Event: 14.697 loading class java/text/CharacterIterator
Event: 14.697 loading class java/text/CharacterIterator done
Event: 14.697 loading class java/text/StringCharacterIterator done
Event: 14.708 Thread 0x000002b688e95f90 Thread added: 0x000002b688e95f90
Event: 14.725 loading class sun/util/resources/cldr/TimeZoneNames_en_US
Event: 14.725 loading class sun/util/resources/cldr/TimeZoneNames_en_US done
Event: 14.774 loading class java/util/Vector$Itr
Event: 14.774 loading class java/util/Vector$Itr done
Event: 14.813 Executing VM operation: ICBufferFull
Event: 14.814 Executing VM operation: ICBufferFull done
Event: 14.891 loading class java/nio/file/StandardCopyOption
Event: 14.891 loading class java/nio/file/StandardCopyOption done
Event: 14.892 loading class sun/nio/fs/WindowsChannelFactory$2
Event: 14.895 loading class sun/nio/fs/WindowsChannelFactory$2 done
Event: 14.896 loading class java/nio/channels/Channels$1
Event: 14.896 loading class java/nio/channels/Channels$1 done
Event: 14.922 loading class java/io/BufferedReader$1
Event: 14.922 loading class java/io/BufferedReader$1 done


Dynamic libraries:
0x00007ff723990000 - 0x00007ff72399d000 	C:\Users\Dilip Kumar\.p2\pool\plugins\org.eclipse.justj.openjdk.hotspot.jre.full.win32.x86_64_15.0.2.v20210201-0955\jre\bin\javaw.exe
0x00007ffda7170000 - 0x00007ffda7368000 	C:\WINDOWS\SYSTEM32\ntdll.dll
0x00007ffda6520000 - 0x00007ffda65df000 	C:\WINDOWS\System32\KERNEL32.DLL
0x00007ffda4ae0000 - 0x00007ffda4dba000 	C:\WINDOWS\System32\KERNELBASE.dll
0x00007ffda48b0000 - 0x00007ffda49b0000 	C:\WINDOWS\System32\ucrtbase.dll
0x00007ffd9e2e0000 - 0x00007ffd9e2f9000 	C:\Users\Dilip Kumar\.p2\pool\plugins\org.eclipse.justj.openjdk.hotspot.jre.full.win32.x86_64_15.0.2.v20210201-0955\jre\bin\VCRUNTIME140.dll
0x00007ffd9b0a0000 - 0x00007ffd9b0b8000 	C:\Users\Dilip Kumar\.p2\pool\plugins\org.eclipse.justj.openjdk.hotspot.jre.full.win32.x86_64_15.0.2.v20210201-0955\jre\bin\jli.dll
0x00007ffda51e0000 - 0x00007ffda537d000 	C:\WINDOWS\System32\USER32.dll
0x00007ffda4880000 - 0x00007ffda48a2000 	C:\WINDOWS\System32\win32u.dll
0x00007ffd89600000 - 0x00007ffd8989a000 	C:\WINDOWS\WinSxS\amd64_microsoft.windows.common-controls_6595b64144ccf1df_6.0.19041.1110_none_60b5254171f9507e\COMCTL32.dll
0x00007ffda5ca0000 - 0x00007ffda5ccb000 	C:\WINDOWS\System32\GDI32.dll
0x00007ffda62f0000 - 0x00007ffda638e000 	C:\WINDOWS\System32\msvcrt.dll
0x00007ffda4f20000 - 0x00007ffda5030000 	C:\WINDOWS\System32\gdi32full.dll
0x00007ffda50a0000 - 0x00007ffda513d000 	C:\WINDOWS\System32\msvcp_win.dll
0x00007ffda69e0000 - 0x00007ffda6a10000 	C:\WINDOWS\System32\IMM32.DLL
0x00007ffd9ec00000 - 0x00007ffd9ec0c000 	C:\Users\Dilip Kumar\.p2\pool\plugins\org.eclipse.justj.openjdk.hotspot.jre.full.win32.x86_64_15.0.2.v20210201-0955\jre\bin\vcruntime140_1.dll
0x00007ffd85b10000 - 0x00007ffd85ba1000 	C:\Users\Dilip Kumar\.p2\pool\plugins\org.eclipse.justj.openjdk.hotspot.jre.full.win32.x86_64_15.0.2.v20210201-0955\jre\bin\msvcp140.dll
0x00007ffd12f40000 - 0x00007ffd13a9e000 	C:\Users\Dilip Kumar\.p2\pool\plugins\org.eclipse.justj.openjdk.hotspot.jre.full.win32.x86_64_15.0.2.v20210201-0955\jre\bin\server\jvm.dll
0x00007ffda6e20000 - 0x00007ffda6ece000 	C:\WINDOWS\System32\ADVAPI32.dll
0x00007ffda6ed0000 - 0x00007ffda6f6c000 	C:\WINDOWS\System32\sechost.dll
0x00007ffda6390000 - 0x00007ffda64b6000 	C:\WINDOWS\System32\RPCRT4.dll
0x00007ffda51d0000 - 0x00007ffda51d8000 	C:\WINDOWS\System32\PSAPI.DLL
0x00007ffd8b820000 - 0x00007ffd8b829000 	C:\WINDOWS\SYSTEM32\WSOCK32.dll
0x00007ffd90650000 - 0x00007ffd90677000 	C:\WINDOWS\SYSTEM32\WINMM.dll
0x00007ffda6970000 - 0x00007ffda69db000 	C:\WINDOWS\System32\WS2_32.dll
0x00007ffd99e10000 - 0x00007ffd99e1a000 	C:\WINDOWS\SYSTEM32\VERSION.dll
0x00007ffda2920000 - 0x00007ffda2932000 	C:\WINDOWS\SYSTEM32\kernel.appcore.dll
0x00007ffd9b190000 - 0x00007ffd9b19a000 	C:\Users\Dilip Kumar\.p2\pool\plugins\org.eclipse.justj.openjdk.hotspot.jre.full.win32.x86_64_15.0.2.v20210201-0955\jre\bin\jimage.dll
0x00007ffda1610000 - 0x00007ffda17f4000 	C:\WINDOWS\SYSTEM32\DBGHELP.DLL
0x00007ffd9ba70000 - 0x00007ffd9baa4000 	C:\WINDOWS\SYSTEM32\dbgcore.DLL
0x00007ffda5140000 - 0x00007ffda51c2000 	C:\WINDOWS\System32\bcryptPrimitives.dll
0x00007ffd85c50000 - 0x00007ffd85c75000 	C:\Users\Dilip Kumar\.p2\pool\plugins\org.eclipse.justj.openjdk.hotspot.jre.full.win32.x86_64_15.0.2.v20210201-0955\jre\bin\java.dll
0x00007ffd873d0000 - 0x00007ffd873e8000 	C:\Users\Dilip Kumar\.p2\pool\plugins\org.eclipse.justj.openjdk.hotspot.jre.full.win32.x86_64_15.0.2.v20210201-0955\jre\bin\zip.dll
0x00007ffda54c0000 - 0x00007ffda5c04000 	C:\WINDOWS\System32\SHELL32.dll
0x00007ffda2940000 - 0x00007ffda30d3000 	C:\WINDOWS\SYSTEM32\windows.storage.dll
0x00007ffda6a10000 - 0x00007ffda6d64000 	C:\WINDOWS\System32\combase.dll
0x00007ffda42e0000 - 0x00007ffda430e000 	C:\WINDOWS\SYSTEM32\Wldp.dll
0x00007ffda5d50000 - 0x00007ffda5dfd000 	C:\WINDOWS\System32\SHCORE.dll
0x00007ffda5380000 - 0x00007ffda53d5000 	C:\WINDOWS\System32\shlwapi.dll
0x00007ffda47c0000 - 0x00007ffda47df000 	C:\WINDOWS\SYSTEM32\profapi.dll
0x00007ffd85c30000 - 0x00007ffd85c49000 	C:\Users\Dilip Kumar\.p2\pool\plugins\org.eclipse.justj.openjdk.hotspot.jre.full.win32.x86_64_15.0.2.v20210201-0955\jre\bin\net.dll
0x00007ffd9a510000 - 0x00007ffd9a61a000 	C:\WINDOWS\SYSTEM32\WINHTTP.dll
0x00007ffda4040000 - 0x00007ffda40aa000 	C:\WINDOWS\system32\mswsock.dll
0x00007ffd85960000 - 0x00007ffd85972000 	C:\Users\Dilip Kumar\.p2\pool\plugins\org.eclipse.justj.openjdk.hotspot.jre.full.win32.x86_64_15.0.2.v20210201-0955\jre\bin\nio.dll
0x00007ffd90320000 - 0x00007ffd90330000 	C:\Users\Dilip Kumar\.p2\pool\plugins\org.eclipse.justj.openjdk.hotspot.jre.full.win32.x86_64_15.0.2.v20210201-0955\jre\bin\verify.dll
0x00007ffda3d30000 - 0x00007ffda3dfb000 	C:\WINDOWS\SYSTEM32\DNSAPI.dll
0x00007ffda3ce0000 - 0x00007ffda3d1c000 	C:\WINDOWS\SYSTEM32\IPHLPAPI.DLL
0x00007ffda6f70000 - 0x00007ffda6f78000 	C:\WINDOWS\System32\NSI.dll
0x00007ffd9c270000 - 0x00007ffd9c27a000 	C:\Windows\System32\rasadhlp.dll
0x00007ffd944f0000 - 0x00007ffd94570000 	C:\WINDOWS\System32\fwpuclnt.dll
0x00007ffda49b0000 - 0x00007ffda49d7000 	C:\WINDOWS\System32\bcrypt.dll
0x00007ffda4240000 - 0x00007ffda4258000 	C:\WINDOWS\SYSTEM32\CRYPTSP.dll
0x00007ffda38f0000 - 0x00007ffda3924000 	C:\WINDOWS\system32\rsaenh.dll
0x00007ffda4780000 - 0x00007ffda47ae000 	C:\WINDOWS\SYSTEM32\USERENV.dll
0x00007ffda4230000 - 0x00007ffda423c000 	C:\WINDOWS\SYSTEM32\CRYPTBASE.dll
0x00007ffd9a960000 - 0x00007ffd9a977000 	C:\WINDOWS\SYSTEM32\dhcpcsvc6.DLL
0x00007ffd9b400000 - 0x00007ffd9b41d000 	C:\WINDOWS\SYSTEM32\dhcpcsvc.DLL
0x00007ffd866d0000 - 0x00007ffd866d9000 	C:\Users\Dilip Kumar\.p2\pool\plugins\org.eclipse.justj.openjdk.hotspot.jre.full.win32.x86_64_15.0.2.v20210201-0955\jre\bin\management.dll
0x00007ffd85c20000 - 0x00007ffd85c2b000 	C:\Users\Dilip Kumar\.p2\pool\plugins\org.eclipse.justj.openjdk.hotspot.jre.full.win32.x86_64_15.0.2.v20210201-0955\jre\bin\management_ext.dll
0x00007ffd869e0000 - 0x00007ffd869ed000 	C:\Users\Dilip Kumar\.p2\pool\plugins\org.eclipse.justj.openjdk.hotspot.jre.full.win32.x86_64_15.0.2.v20210201-0955\jre\bin\sunmscapi.dll
0x00007ffda4dc0000 - 0x00007ffda4f16000 	C:\WINDOWS\System32\CRYPT32.dll
0x00007ffda4350000 - 0x00007ffda4378000 	C:\WINDOWS\SYSTEM32\ncrypt.dll
0x00007ffda4310000 - 0x00007ffda434b000 	C:\WINDOWS\SYSTEM32\NTASN1.dll
0x00007ffd8e210000 - 0x00007ffd8e227000 	C:\WINDOWS\system32\napinsp.dll
0x00007ffd8bb40000 - 0x00007ffd8bb5b000 	C:\WINDOWS\system32\pnrpnsp.dll
0x00007ffd9e950000 - 0x00007ffd9e965000 	C:\WINDOWS\system32\wshbth.dll
0x00007ffd9c480000 - 0x00007ffd9c49d000 	C:\WINDOWS\system32\NLAapi.dll
0x00007ffd8bb20000 - 0x00007ffd8bb32000 	C:\WINDOWS\System32\winrnr.dll

dbghelp: loaded successfully - version: 4.0.5 - missing functions: none
symbol engine: initialized successfully - sym options: 0x614 - pdb path: .;C:\Users\Dilip Kumar\.p2\pool\plugins\org.eclipse.justj.openjdk.hotspot.jre.full.win32.x86_64_15.0.2.v20210201-0955\jre\bin;C:\WINDOWS\SYSTEM32;C:\WINDOWS\WinSxS\amd64_microsoft.windows.common-controls_6595b64144ccf1df_6.0.19041.1110_none_60b5254171f9507e;C:\Users\Dilip Kumar\.p2\pool\plugins\org.eclipse.justj.openjdk.hotspot.jre.full.win32.x86_64_15.0.2.v20210201-0955\jre\bin\server

VM Arguments:
jvm_args: -ea -Dfile.encoding=Cp1252 -XX:+ShowCodeDetailsInExceptionMessages 
java_command: org.testng.remote.RemoteTestNG -serport 56676 -protocol json -d D:\project\mis\test-output C:\Users\DILIPK~1\AppData\Local\Temp\testng-eclipse--1327836656\testng-customsuite.xml
java_class_path (initial): C:\Users\Dilip Kumar\eclipse\jee-2020-12\eclipse\configuration\org.eclipse.osgi\947\0\.cp\lib\testng-remote.jar;D:\project\mis\target\test-classes;D:\project\mis\target\classes;C:\Users\Dilip Kumar\.m2\repository\org\seleniumhq\selenium\selenium-java\4.8.1\selenium-java-4.8.1.jar;C:\Users\Dilip Kumar\.m2\repository\org\seleniumhq\selenium\selenium-api\4.8.1\selenium-api-4.8.1.jar;C:\Users\Dilip Kumar\.m2\repository\org\seleniumhq\selenium\selenium-chrome-driver\4.8.1\selenium-chrome-driver-4.8.1.jar;C:\Users\Dilip Kumar\.m2\repository\org\seleniumhq\selenium\selenium-chromium-driver\4.8.1\selenium-chromium-driver-4.8.1.jar;C:\Users\Dilip Kumar\.m2\repository\org\seleniumhq\selenium\selenium-devtools-v108\4.8.1\selenium-devtools-v108-4.8.1.jar;C:\Users\Dilip Kumar\.m2\repository\org\seleniumhq\selenium\selenium-devtools-v109\4.8.1\selenium-devtools-v109-4.8.1.jar;C:\Users\Dilip Kumar\.m2\repository\org\seleniumhq\selenium\selenium-devtools-v110\4.8.1\selenium-devtools-v110-4.8.1.jar;C:\Users\Dilip Kumar\.m2\repository\org\seleniumhq\selenium\selenium-devtools-v85\4.8.1\selenium-devtools-v85-4.8.1.jar;C:\Users\Dilip Kumar\.m2\repository\org\seleniumhq\selenium\selenium-edge-driver\4.8.1\selenium-edge-driver-4.8.1.jar;C:\Users\Dilip Kumar\.m2\repository\org\seleniumhq\selenium\selenium-firefox-driver\4.8.1\selenium-firefox-driver-4.8.1.jar;C:\Users\Dilip Kumar\.m2\repository\org\seleniumhq\selenium\selenium-http\4.8.1\selenium-http-4.8.1.jar;C:\Users\Dilip Kumar\.m2\repository\dev\failsafe\failsafe\3.3.0\failsafe-3.3.0.jar;C:\Users\Dilip Kumar\.m2\repository\org\seleniumhq\selenium\selenium-ie-driver\4.8.1\selenium-ie-driver-4.8.1.jar;C:\Users\Dilip Kumar\.m2\repository\org\seleniumhq\selenium\selenium-remote-driver\4.8.1\selenium-remote-driver-4.8.1.jar;C:\Users\Dilip Kumar\.m2\repository\io\netty\netty-buffer\4.1.87.Final\netty-buffer-4.1.87.Final.jar;C:\Users\Dilip Kumar\.m2\repository\io\netty\netty-codec-http\4.1.87.Final\netty-codec-h
Launcher Type: SUN_STANDARD

[Global flags]
     intx CICompilerCount                          = 3                                         {product} {ergonomic}
     uint ConcGCThreads                            = 1                                         {product} {ergonomic}
     uint G1ConcRefinementThreads                  = 4                                         {product} {ergonomic}
   size_t G1HeapRegionSize                         = 1048576                                   {product} {ergonomic}
    uintx GCDrainStackTargetSize                   = 64                                        {product} {ergonomic}
   size_t InitialHeapSize                          = 134217728                                 {product} {ergonomic}
   size_t MarkStackSize                            = 4194304                                   {product} {ergonomic}
   size_t MaxHeapSize                              = 2116026368                                {product} {ergonomic}
   size_t MaxNewSize                               = 1268776960                                {product} {ergonomic}
   size_t MinHeapDeltaBytes                        = 1048576                                   {product} {ergonomic}
   size_t MinHeapSize                              = 8388608                                   {product} {ergonomic}
    uintx NonNMethodCodeHeapSize                   = 5832780                                {pd product} {ergonomic}
    uintx NonProfiledCodeHeapSize                  = 122912730                              {pd product} {ergonomic}
    uintx ProfiledCodeHeapSize                     = 122912730                              {pd product} {ergonomic}
    uintx ReservedCodeCacheSize                    = 251658240                              {pd product} {ergonomic}
     bool SegmentedCodeCache                       = true                                      {product} {ergonomic}
     bool ShowCodeDetailsInExceptionMessages       = true                                   {manageable} {command line}
   size_t SoftMaxHeapSize                          = 2116026368                             {manageable} {ergonomic}
     bool UseCompressedClassPointers               = true                                 {lp64_product} {ergonomic}
     bool UseCompressedOops                        = true                                 {lp64_product} {ergonomic}
     bool UseG1GC                                  = true                                      {product} {ergonomic}
     bool UseLargePagesIndividualAllocation        = false                                  {pd product} {ergonomic}

Logging:
Log output configuration:
 #0: stdout all=warning uptime,level,tags
 #1: stderr all=off uptime,level,tags

Environment Variables:
JAVA_HOME=C:\Program Files\Java\jdk-11.0.17
PATH=C:/Users/Dilip Kumar/.p2/pool/plugins/org.eclipse.justj.openjdk.hotspot.jre.full.win32.x86_64_15.0.2.v20210201-0955/jre/bin/server;C:/Users/Dilip Kumar/.p2/pool/plugins/org.eclipse.justj.openjdk.hotspot.jre.full.win32.x86_64_15.0.2.v20210201-0955/jre/bin;C:\Program Files\Common Files\Oracle\Java\javapath;C:\Program Files (x86)\Common Files\Oracle\Java\javapath;C:\Program Files\Java\jdk-11.0.17\bin;C:\Users\Dilip Kumar\AppData\Local\Android\android-sdk\platform-tools;C:\Users\Dilip Kumar\AppData\Local\Android\android-sdk\tools;C:\Program Files\nodejs\;C:\Windows\System32\WindowsPowerShell\v1.0;C:\Users\Dilip Kumar\AppData\Local\Microsoft\WindowsApps;C:\Users\Dilip Kumar\AppData\Local\Programs\Microsoft VS Code\bin;C:\Users\Dilip Kumar\AppData\Roaming\npm;C:\Users\Dilip Kumar\AppData\Local\Programs\Git\cmd;C:\Users\Dilip Kumar\Desktop;
USERNAME=Dilip Kumar
OS=Windows_NT
PROCESSOR_IDENTIFIER=Intel64 Family 6 Model 61 Stepping 4, GenuineIntel



---------------  S Y S T E M  ---------------

OS:
 Windows 10 , 64 bit Build 19041 (10.0.19041.2788)
OS uptime: 2 days 1:28 hours

CPU: total 4 (initial active 4) (2 cores per cpu, 2 threads per core) family 6 model 61 stepping 4 microcode 0x2e, cmov, cx8, fxsr, mmx, sse, sse2, sse3, ssse3, sse4.1, sse4.2, popcnt, vzeroupper, avx, avx2, aes, clmul, erms, rtm, 3dnowpref, lzcnt, ht, tsc, tscinvbit, bmi1, bmi2, adx, fma, clflush

Memory: 4k page, system-wide physical 8071M (592M free)
TotalPageFile size 24119M (AvailPageFile size 5M)
current process WorkingSet (physical memory assigned to process): 156M, peak: 156M
current process commit charge ("private bytes"): 191M, peak: 241M

vm_info: OpenJDK 64-Bit Server VM (15.0.2+7-27) for windows-amd64 JRE (15.0.2+7-27), built on Dec  7 2020 20:02:38 by "mach5one" with unknown MS VC++:1925

END.
